<?xml version="1.0" encoding="UTF-8"?>
<!-- Generated by org.testng.reporters.JUnitXMLReporter -->
<testsuite ignored="0" hostname="DESKTOP-042KE08" failures="1" tests="1" name="Test" time="6.716" errors="0" timestamp="2023-08-29T15:37:52 IST">
  <testcase classname="screenshort.Capturescreenshorttest" name="captureScreenshort" time="6.451">
    <failure type="java.lang.AssertionError" message="expected [Home-Selenium Webdriver Appium Complete Tutorial] but found [Home - Automation Test]">
      <![CDATA[java.lang.AssertionError: expected [Home-Selenium Webdriver Appium Complete Tutorial] but found [Home - Automation Test]
at screenshort.Capturescreenshorttest.captureScreenshort(Capturescreenshorttest.java:19)
at java.base/java.util.ArrayList.forEach(ArrayList.java:1511)
... Removed 33 stack frames]]>
    </failure>
  </testcase> <!-- captureScreenshort -->
</testsuite> <!-- Test -->
